<?xml version="1.0" encoding="UTF-8"?>
<!-- Generated by org.testng.reporters.JUnitXMLReporter -->
<testsuite hostname="jackie-PC" ignored="0" name="Command line test" tests="3" failures="0" timestamp="03 八月 2017 01:46:50 GMT" time="0.037" errors="0">
  <testcase name="h" time="0.002" classname="dudu.jingjing.NewTest"/>
  <testcase name="k" time="0.0" classname="dudu.jingjing.NewTest"/>
  <testcase name="p" time="0.0" classname="dudu.jingjing.NewTest"/>
</testsuite> <!-- Command line test -->
