<?xml version="1.0" encoding="UTF-8"?>
<!-- Generated by org.testng.reporters.JUnitXMLReporter -->
<testsuite hostname="jackie-PC" ignored="0" name="Test" tests="4" failures="0" timestamp="03 八月 2017 03:08:16 GMT" time="0.049" errors="0">
  <testcase name="f" time="0.006" classname="dudu.jingjing.NewTest1"/>
  <testcase name="h" time="0.004" classname="dudu.jingjing.NewTest"/>
  <testcase name="k" time="0.001" classname="dudu.jingjing.NewTest"/>
  <testcase name="p" time="0.001" classname="dudu.jingjing.NewTest"/>
</testsuite> <!-- Test -->
